<?xml version="1.0" encoding="UTF-8"?>
<!-- Generated by org.testng.reporters.JUnitReportReporter -->
<testsuite hostname="LAPTOP-N1C7HCEH" failures="0" tests="1" name="seleniumUI.testCases.DragAndDropTestCase1" time="6.816" errors="0" timestamp="2022-11-01T17:58:38 IST" skipped="0">
  <testcase classname="seleniumUI.testCases.DragAndDropTestCase1" name="VerifyDragAndDropCase1" time="6.816"/>
  <system-out/>
</testsuite> <!-- seleniumUI.testCases.DragAndDropTestCase1 -->
