<?xml version="1.0" encoding="UTF-8"?>
<!-- Generated by org.testng.reporters.JUnitReportReporter -->
<testsuite hostname="MAHESHKOPPALA" failures="0" tests="1" name="seleniumUI.testCases.Login_Page" time="9.729" errors="0" timestamp="2022-12-24T11:17:45 IST" skipped="0">
  <testcase classname="seleniumUI.testCases.Login_Page" name="VerifyLogin" time="9.729"/>
  <system-out/>
</testsuite> <!-- seleniumUI.testCases.Login_Page -->
