<?xml version="1.0" encoding="UTF-8"?>
<!-- Generated by org.testng.reporters.JUnitReportReporter -->
<testsuite hostname="jagdeeppapi" failures="0" tests="1" name="selendroidAppium.testAppium" time="21.256" errors="0" timestamp="2022-08-14T09:02:42 IST" skipped="0">
  <testcase classname="selendroidAppium.testAppium" name="testAppium" time="21.256"/>
  <system-out/>
</testsuite> <!-- selendroidAppium.testAppium -->
