<?xml version="1.0" encoding="UTF-8"?>
<!-- Generated by org.testng.reporters.JUnitReportReporter -->
<testsuite hostname="LAPTOP-N1C7HCEH" failures="0" tests="1" name="seleniumUI.testCases.SelectableTestCase2" time="12.787" errors="0" timestamp="2022-11-01T17:58:38 IST" skipped="0">
  <testcase classname="seleniumUI.testCases.SelectableTestCase2" name="VerifySelectableCase2" time="12.787"/>
  <system-out/>
</testsuite> <!-- seleniumUI.testCases.SelectableTestCase2 -->
