<?xml version="1.0" encoding="UTF-8"?>
<!-- Generated by org.testng.reporters.JUnitReportReporter -->
<testsuite hostname="MAHESHKOPPALA" failures="0" tests="1" name="seleniumUI.testCases.LoginTest" time="30.608" errors="0" timestamp="2023-02-06T18:23:35 IST" skipped="0">
  <testcase classname="seleniumUI.testCases.LoginTest" name="VerifyLogin" time="30.608"/>
  <system-out/>
</testsuite> <!-- seleniumUI.testCases.LoginTest -->
