<?xml version="1.0" encoding="UTF-8"?>
<!-- Generated by org.testng.reporters.JUnitReportReporter -->
<testsuite hostname="MAHESHKOPPALA" failures="0" tests="1" name="seleniumUI.testCases.MyProfileTest" time="9.154" errors="0" timestamp="2023-01-30T13:22:34 IST" skipped="0">
  <testcase classname="seleniumUI.testCases.MyProfileTest" name="verifyPerosonalInfoUnderMyProfile" time="9.154"/>
  <system-out/>
</testsuite> <!-- seleniumUI.testCases.MyProfileTest -->
