<?xml version="1.0" encoding="UTF-8"?>
<!-- Generated by org.testng.reporters.JUnitReportReporter -->
<testsuite hostname="jagdeeppapi" failures="0" tests="2" name="restAssured.testCases.ApiTestCase" time="8.607" errors="0" timestamp="2022-08-17T11:59:18 IST" skipped="0">
  <testcase classname="restAssured.testCases.ApiTestCase" name="verifyNewCustomerIsCreated" time="2.233"/>
  <system-out/>
  <testcase classname="restAssured.testCases.ApiTestCase" name="verifyCustomerNameWithCustomerID" time="6.374"/>
  <system-out/>
</testsuite> <!-- restAssured.testCases.ApiTestCase -->
